<?xml version="1.0" encoding="UTF-8"?>
<coverage generated="1632430108602" clover="3.2.0">
  <project timestamp="1632430108602" name="All files">
    <metrics statements="56" coveredstatements="54" conditionals="8" coveredconditionals="7" methods="40" coveredmethods="38" elements="104" coveredelements="99" complexity="0" loc="56" ncloc="56" packages="1" files="2" classes="2"/>
    <file name="todo.js" path="/home/ec2-user/environment/todo/todo.js">
      <metrics statements="11" coveredstatements="11" conditionals="2" coveredconditionals="2" methods="6" coveredmethods="6"/>
      <line num="2" count="1" type="stmt"/>
      <line num="3" count="1" type="stmt"/>
      <line num="6" count="72" type="stmt"/>
      <line num="7" count="72" type="stmt"/>
      <line num="11" count="6" type="cond" truecount="2" falsecount="0"/>
      <line num="12" count="6" type="stmt"/>
      <line num="16" count="14" type="stmt"/>
      <line num="20" count="1" type="stmt"/>
      <line num="24" count="32" type="stmt"/>
      <line num="28" count="9" type="stmt"/>
      <line num="32" count="1" type="stmt"/>
    </file>
    <file name="todolist.js" path="/home/ec2-user/environment/todo/todolist.js">
      <metrics statements="45" coveredstatements="43" conditionals="6" coveredconditionals="5" methods="34" coveredmethods="32"/>
      <line num="1" count="1" type="stmt"/>
      <line num="5" count="33" type="stmt"/>
      <line num="6" count="33" type="stmt"/>
      <line num="10" count="87" type="cond" truecount="2" falsecount="0"/>
      <line num="11" count="85" type="stmt"/>
      <line num="13" count="2" type="stmt"/>
      <line num="18" count="4" type="stmt"/>
      <line num="22" count="4" type="stmt"/>
      <line num="26" count="1" type="stmt"/>
      <line num="30" count="10" type="stmt"/>
      <line num="31" count="10" type="stmt"/>
      <line num="35" count="23" type="cond" truecount="1" falsecount="1"/>
      <line num="36" count="0" type="stmt"/>
      <line num="41" count="7" type="stmt"/>
      <line num="42" count="7" type="stmt"/>
      <line num="46" count="4" type="stmt"/>
      <line num="47" count="4" type="stmt"/>
      <line num="51" count="1" type="stmt"/>
      <line num="52" count="1" type="stmt"/>
      <line num="56" count="4" type="stmt"/>
      <line num="60" count="1" type="stmt"/>
      <line num="64" count="1" type="stmt"/>
      <line num="68" count="1" type="stmt"/>
      <line num="69" count="1" type="stmt"/>
      <line num="73" count="2" type="stmt"/>
      <line num="74" count="6" type="stmt"/>
      <line num="75" count="2" type="stmt"/>
      <line num="79" count="14" type="stmt"/>
      <line num="83" count="7" type="stmt"/>
      <line num="84" count="7" type="stmt"/>
      <line num="85" count="21" type="cond" truecount="2" falsecount="0"/>
      <line num="86" count="9" type="stmt"/>
      <line num="90" count="7" type="stmt"/>
      <line num="94" count="2" type="stmt"/>
      <line num="98" count="3" type="stmt"/>
      <line num="99" count="9" type="stmt"/>
      <line num="104" count="6" type="stmt"/>
      <line num="108" count="3" type="stmt"/>
      <line num="112" count="1" type="stmt"/>
      <line num="116" count="9" type="stmt"/>
      <line num="120" count="0" type="stmt"/>
      <line num="124" count="1" type="stmt"/>
      <line num="126" count="3" type="stmt"/>
      <line num="128" count="1" type="stmt"/>
      <line num="132" count="1" type="stmt"/>
    </file>
  </project>
</coverage>
