{"/home/ec2-user/environment/todo/todo.js": {"path":"/home/ec2-user/environment/todo/todo.js","statementMap":{"0":{"start":{"line":2,"column":23},"end":{"line":2,"column":26}},"1":{"start":{"line":3,"column":25},"end":{"line":3,"column":28}},"2":{"start":{"line":6,"column":4},"end":{"line":6,"column":23}},"3":{"start":{"line":7,"column":4},"end":{"line":7,"column":22}},"4":{"start":{"line":11,"column":17},"end":{"line":11,"column":70}},"5":{"start":{"line":12,"column":4},"end":{"line":12,"column":39}},"6":{"start":{"line":16,"column":4},"end":{"line":16,"column":21}},"7":{"start":{"line":20,"column":4},"end":{"line":20,"column":22}},"8":{"start":{"line":24,"column":4},"end":{"line":24,"column":21}},"9":{"start":{"line":28,"column":4},"end":{"line":28,"column":22}},"10":{"start":{"line":32,"column":0},"end":{"line":32,"column":22}}},"fnMap":{"0":{"name":"(anonymous_0)","decl":{"start":{"line":5,"column":2},"end":{"line":5,"column":3}},"loc":{"start":{"line":5,"column":21},"end":{"line":8,"column":3}},"line":5},"1":{"name":"(anonymous_1)","decl":{"start":{"line":10,"column":2},"end":{"line":10,"column":3}},"loc":{"start":{"line":10,"column":13},"end":{"line":13,"column":3}},"line":10},"2":{"name":"(anonymous_2)","decl":{"start":{"line":15,"column":2},"end":{"line":15,"column":3}},"loc":{"start":{"line":15,"column":13},"end":{"line":17,"column":3}},"line":15},"3":{"name":"(anonymous_3)","decl":{"start":{"line":19,"column":2},"end":{"line":19,"column":3}},"loc":{"start":{"line":19,"column":15},"end":{"line":21,"column":3}},"line":19},"4":{"name":"(anonymous_4)","decl":{"start":{"line":23,"column":2},"end":{"line":23,"column":3}},"loc":{"start":{"line":23,"column":11},"end":{"line":25,"column":3}},"line":23},"5":{"name":"(anonymous_5)","decl":{"start":{"line":27,"column":2},"end":{"line":27,"column":3}},"loc":{"start":{"line":27,"column":13},"end":{"line":29,"column":3}},"line":27}},"branchMap":{"0":{"loc":{"start":{"line":11,"column":17},"end":{"line":11,"column":70}},"type":"cond-expr","locations":[{"start":{"line":11,"column":33},"end":{"line":11,"column":49}},{"start":{"line":11,"column":52},"end":{"line":11,"column":70}}],"line":11}},"s":{"0":1,"1":1,"2":72,"3":72,"4":6,"5":6,"6":14,"7":1,"8":32,"9":9,"10":1},"f":{"0":72,"1":6,"2":14,"3":1,"4":32,"5":9},"b":{"0":[3,3]},"_coverageSchema":"1a1c01bbd47fc00a2c39e90264f33305004495a9","hash":"3b1c0a2e7f22ab2af2f00779650a5005f31ca88d"}
,"/home/ec2-user/environment/todo/todolist.js": {"path":"/home/ec2-user/environment/todo/todolist.js","statementMap":{"0":{"start":{"line":1,"column":13},"end":{"line":1,"column":30}},"1":{"start":{"line":1,"column":31},"end":{"line":1,"column":32}},"2":{"start":{"line":5,"column":4},"end":{"line":5,"column":23}},"3":{"start":{"line":6,"column":4},"end":{"line":6,"column":20}},"4":{"start":{"line":10,"column":4},"end":{"line":14,"column":5}},"5":{"start":{"line":11,"column":6},"end":{"line":11,"column":28}},"6":{"start":{"line":13,"column":6},"end":{"line":13,"column":54}},"7":{"start":{"line":18,"column":4},"end":{"line":18,"column":29}},"8":{"start":{"line":22,"column":4},"end":{"line":22,"column":25}},"9":{"start":{"line":26,"column":4},"end":{"line":26,"column":45}},"10":{"start":{"line":30,"column":4},"end":{"line":30,"column":31}},"11":{"start":{"line":31,"column":4},"end":{"line":31,"column":29}},"12":{"start":{"line":35,"column":4},"end":{"line":37,"column":5}},"13":{"start":{"line":36,"column":6},"end":{"line":36,"column":58}},"14":{"start":{"line":41,"column":4},"end":{"line":41,"column":31}},"15":{"start":{"line":42,"column":4},"end":{"line":42,"column":39}},"16":{"start":{"line":46,"column":4},"end":{"line":46,"column":31}},"17":{"start":{"line":47,"column":4},"end":{"line":47,"column":33}},"18":{"start":{"line":51,"column":4},"end":{"line":51,"column":31}},"19":{"start":{"line":52,"column":4},"end":{"line":52,"column":35}},"20":{"start":{"line":56,"column":4},"end":{"line":56,"column":51}},"21":{"start":{"line":56,"column":36},"end":{"line":56,"column":49}},"22":{"start":{"line":60,"column":4},"end":{"line":60,"column":30}},"23":{"start":{"line":64,"column":4},"end":{"line":64,"column":28}},"24":{"start":{"line":68,"column":4},"end":{"line":68,"column":31}},"25":{"start":{"line":69,"column":4},"end":{"line":69,"column":42}},"26":{"start":{"line":73,"column":20},"end":{"line":73,"column":47}},"27":{"start":{"line":74,"column":4},"end":{"line":74,"column":64}},"28":{"start":{"line":74,"column":31},"end":{"line":74,"column":62}},"29":{"start":{"line":75,"column":4},"end":{"line":75,"column":32}},"30":{"start":{"line":79,"column":4},"end":{"line":79,"column":33}},"31":{"start":{"line":83,"column":15},"end":{"line":83,"column":38}},"32":{"start":{"line":84,"column":4},"end":{"line":88,"column":7}},"33":{"start":{"line":85,"column":6},"end":{"line":87,"column":7}},"34":{"start":{"line":86,"column":8},"end":{"line":86,"column":23}},"35":{"start":{"line":90,"column":4},"end":{"line":90,"column":16}},"36":{"start":{"line":94,"column":4},"end":{"line":94,"column":22}},"37":{"start":{"line":98,"column":4},"end":{"line":100,"column":15}},"38":{"start":{"line":99,"column":6},"end":{"line":99,"column":67}},"39":{"start":{"line":104,"column":4},"end":{"line":104,"column":46}},"40":{"start":{"line":104,"column":31},"end":{"line":104,"column":44}},"41":{"start":{"line":108,"column":4},"end":{"line":108,"column":47}},"42":{"start":{"line":108,"column":31},"end":{"line":108,"column":45}},"43":{"start":{"line":112,"column":4},"end":{"line":112,"column":39}},"44":{"start":{"line":116,"column":4},"end":{"line":116,"column":42}},"45":{"start":{"line":116,"column":25},"end":{"line":116,"column":40}},"46":{"start":{"line":120,"column":4},"end":{"line":120,"column":44}},"47":{"start":{"line":120,"column":25},"end":{"line":120,"column":42}},"48":{"start":{"line":124,"column":14},"end":{"line":124,"column":16}},"49":{"start":{"line":126,"column":4},"end":{"line":126,"column":41}},"50":{"start":{"line":126,"column":25},"end":{"line":126,"column":39}},"51":{"start":{"line":128,"column":4},"end":{"line":128,"column":15}},"52":{"start":{"line":132,"column":0},"end":{"line":132,"column":26}}},"fnMap":{"0":{"name":"(anonymous_0)","decl":{"start":{"line":4,"column":2},"end":{"line":4,"column":3}},"loc":{"start":{"line":4,"column":21},"end":{"line":7,"column":3}},"line":4},"1":{"name":"(anonymous_1)","decl":{"start":{"line":9,"column":2},"end":{"line":9,"column":3}},"loc":{"start":{"line":9,"column":12},"end":{"line":15,"column":3}},"line":9},"2":{"name":"(anonymous_2)","decl":{"start":{"line":17,"column":2},"end":{"line":17,"column":3}},"loc":{"start":{"line":17,"column":9},"end":{"line":19,"column":3}},"line":17},"3":{"name":"(anonymous_3)","decl":{"start":{"line":21,"column":2},"end":{"line":21,"column":3}},"loc":{"start":{"line":21,"column":10},"end":{"line":23,"column":3}},"line":21},"4":{"name":"(anonymous_4)","decl":{"start":{"line":25,"column":2},"end":{"line":25,"column":3}},"loc":{"start":{"line":25,"column":9},"end":{"line":27,"column":3}},"line":25},"5":{"name":"(anonymous_5)","decl":{"start":{"line":29,"column":2},"end":{"line":29,"column":3}},"loc":{"start":{"line":29,"column":16},"end":{"line":32,"column":3}},"line":29},"6":{"name":"(anonymous_6)","decl":{"start":{"line":34,"column":2},"end":{"line":34,"column":3}},"loc":{"start":{"line":34,"column":24},"end":{"line":38,"column":3}},"line":34},"7":{"name":"(anonymous_7)","decl":{"start":{"line":40,"column":2},"end":{"line":40,"column":3}},"loc":{"start":{"line":40,"column":18},"end":{"line":43,"column":3}},"line":40},"8":{"name":"(anonymous_8)","decl":{"start":{"line":45,"column":2},"end":{"line":45,"column":3}},"loc":{"start":{"line":45,"column":20},"end":{"line":48,"column":3}},"line":45},"9":{"name":"(anonymous_9)","decl":{"start":{"line":50,"column":2},"end":{"line":50,"column":3}},"loc":{"start":{"line":50,"column":22},"end":{"line":53,"column":3}},"line":50},"10":{"name":"(anonymous_10)","decl":{"start":{"line":55,"column":2},"end":{"line":55,"column":3}},"loc":{"start":{"line":55,"column":11},"end":{"line":57,"column":3}},"line":55},"11":{"name":"(anonymous_11)","decl":{"start":{"line":56,"column":28},"end":{"line":56,"column":29}},"loc":{"start":{"line":56,"column":36},"end":{"line":56,"column":49}},"line":56},"12":{"name":"(anonymous_12)","decl":{"start":{"line":59,"column":2},"end":{"line":59,"column":3}},"loc":{"start":{"line":59,"column":10},"end":{"line":61,"column":3}},"line":59},"13":{"name":"(anonymous_13)","decl":{"start":{"line":63,"column":2},"end":{"line":63,"column":3}},"loc":{"start":{"line":63,"column":8},"end":{"line":65,"column":3}},"line":63},"14":{"name":"(anonymous_14)","decl":{"start":{"line":67,"column":2},"end":{"line":67,"column":3}},"loc":{"start":{"line":67,"column":18},"end":{"line":70,"column":3}},"line":67},"15":{"name":"(anonymous_15)","decl":{"start":{"line":72,"column":2},"end":{"line":72,"column":3}},"loc":{"start":{"line":72,"column":13},"end":{"line":76,"column":3}},"line":72},"16":{"name":"(anonymous_16)","decl":{"start":{"line":74,"column":23},"end":{"line":74,"column":24}},"loc":{"start":{"line":74,"column":31},"end":{"line":74,"column":62}},"line":74},"17":{"name":"(anonymous_17)","decl":{"start":{"line":78,"column":2},"end":{"line":78,"column":3}},"loc":{"start":{"line":78,"column":20},"end":{"line":80,"column":3}},"line":78},"18":{"name":"(anonymous_18)","decl":{"start":{"line":82,"column":2},"end":{"line":82,"column":3}},"loc":{"start":{"line":82,"column":19},"end":{"line":91,"column":3}},"line":82},"19":{"name":"(anonymous_19)","decl":{"start":{"line":84,"column":17},"end":{"line":84,"column":18}},"loc":{"start":{"line":84,"column":25},"end":{"line":88,"column":5}},"line":84},"20":{"name":"(anonymous_20)","decl":{"start":{"line":93,"column":2},"end":{"line":93,"column":3}},"loc":{"start":{"line":93,"column":17},"end":{"line":95,"column":3}},"line":93},"21":{"name":"(anonymous_21)","decl":{"start":{"line":97,"column":2},"end":{"line":97,"column":3}},"loc":{"start":{"line":97,"column":21},"end":{"line":101,"column":3}},"line":97},"22":{"name":"(anonymous_22)","decl":{"start":{"line":98,"column":23},"end":{"line":98,"column":24}},"loc":{"start":{"line":98,"column":31},"end":{"line":100,"column":5}},"line":98},"23":{"name":"(anonymous_23)","decl":{"start":{"line":103,"column":2},"end":{"line":103,"column":3}},"loc":{"start":{"line":103,"column":12},"end":{"line":105,"column":3}},"line":103},"24":{"name":"(anonymous_24)","decl":{"start":{"line":104,"column":23},"end":{"line":104,"column":24}},"loc":{"start":{"line":104,"column":31},"end":{"line":104,"column":44}},"line":104},"25":{"name":"(anonymous_25)","decl":{"start":{"line":107,"column":2},"end":{"line":107,"column":3}},"loc":{"start":{"line":107,"column":15},"end":{"line":109,"column":3}},"line":107},"26":{"name":"(anonymous_26)","decl":{"start":{"line":108,"column":23},"end":{"line":108,"column":24}},"loc":{"start":{"line":108,"column":31},"end":{"line":108,"column":45}},"line":108},"27":{"name":"(anonymous_27)","decl":{"start":{"line":111,"column":2},"end":{"line":111,"column":3}},"loc":{"start":{"line":111,"column":18},"end":{"line":113,"column":3}},"line":111},"28":{"name":"(anonymous_28)","decl":{"start":{"line":115,"column":2},"end":{"line":115,"column":3}},"loc":{"start":{"line":115,"column":16},"end":{"line":117,"column":3}},"line":115},"29":{"name":"(anonymous_29)","decl":{"start":{"line":116,"column":17},"end":{"line":116,"column":18}},"loc":{"start":{"line":116,"column":25},"end":{"line":116,"column":40}},"line":116},"30":{"name":"(anonymous_30)","decl":{"start":{"line":119,"column":2},"end":{"line":119,"column":3}},"loc":{"start":{"line":119,"column":18},"end":{"line":121,"column":3}},"line":119},"31":{"name":"(anonymous_31)","decl":{"start":{"line":120,"column":17},"end":{"line":120,"column":18}},"loc":{"start":{"line":120,"column":25},"end":{"line":120,"column":42}},"line":120},"32":{"name":"(anonymous_32)","decl":{"start":{"line":123,"column":2},"end":{"line":123,"column":3}},"loc":{"start":{"line":123,"column":12},"end":{"line":129,"column":3}},"line":123},"33":{"name":"(anonymous_33)","decl":{"start":{"line":126,"column":17},"end":{"line":126,"column":18}},"loc":{"start":{"line":126,"column":25},"end":{"line":126,"column":39}},"line":126}},"branchMap":{"0":{"loc":{"start":{"line":10,"column":4},"end":{"line":14,"column":5}},"type":"if","locations":[{"start":{"line":10,"column":4},"end":{"line":14,"column":5}},{"start":{"line":10,"column":4},"end":{"line":14,"column":5}}],"line":10},"1":{"loc":{"start":{"line":35,"column":4},"end":{"line":37,"column":5}},"type":"if","locations":[{"start":{"line":35,"column":4},"end":{"line":37,"column":5}},{"start":{"line":35,"column":4},"end":{"line":37,"column":5}}],"line":35},"2":{"loc":{"start":{"line":85,"column":6},"end":{"line":87,"column":7}},"type":"if","locations":[{"start":{"line":85,"column":6},"end":{"line":87,"column":7}},{"start":{"line":85,"column":6},"end":{"line":87,"column":7}}],"line":85}},"s":{"0":1,"1":1,"2":33,"3":33,"4":87,"5":85,"6":2,"7":4,"8":4,"9":1,"10":10,"11":10,"12":23,"13":0,"14":7,"15":7,"16":4,"17":4,"18":1,"19":1,"20":2,"21":4,"22":1,"23":1,"24":1,"25":1,"26":2,"27":2,"28":6,"29":2,"30":14,"31":7,"32":7,"33":21,"34":9,"35":7,"36":2,"37":3,"38":9,"39":2,"40":6,"41":1,"42":3,"43":1,"44":3,"45":9,"46":0,"47":0,"48":1,"49":1,"50":3,"51":1,"52":1},"f":{"0":33,"1":87,"2":4,"3":4,"4":1,"5":10,"6":23,"7":7,"8":4,"9":1,"10":2,"11":4,"12":1,"13":1,"14":1,"15":2,"16":6,"17":14,"18":7,"19":21,"20":2,"21":3,"22":9,"23":2,"24":6,"25":1,"26":3,"27":1,"28":3,"29":9,"30":0,"31":0,"32":1,"33":3},"b":{"0":[85,2],"1":[0,23],"2":[9,12]},"_coverageSchema":"1a1c01bbd47fc00a2c39e90264f33305004495a9","hash":"bf3c9c2efe561eff66ba998551492b4f1cee89d6"}
}
