TN:
SF:todo.js
FN:5,(anonymous_0)
FN:10,(anonymous_1)
FN:15,(anonymous_2)
FN:19,(anonymous_3)
FN:23,(anonymous_4)
FN:27,(anonymous_5)
FNF:6
FNH:6
FNDA:72,(anonymous_0)
FNDA:6,(anonymous_1)
FNDA:14,(anonymous_2)
FNDA:1,(anonymous_3)
FNDA:32,(anonymous_4)
FNDA:9,(anonymous_5)
DA:2,1
DA:3,1
DA:6,72
DA:7,72
DA:11,6
DA:12,6
DA:16,14
DA:20,1
DA:24,32
DA:28,9
DA:32,1
LF:11
LH:11
BRDA:11,0,0,3
BRDA:11,0,1,3
BRF:2
BRH:2
end_of_record
TN:
SF:todolist.js
FN:4,(anonymous_0)
FN:9,(anonymous_1)
FN:17,(anonymous_2)
FN:21,(anonymous_3)
FN:25,(anonymous_4)
FN:29,(anonymous_5)
FN:34,(anonymous_6)
FN:40,(anonymous_7)
FN:45,(anonymous_8)
FN:50,(anonymous_9)
FN:55,(anonymous_10)
FN:56,(anonymous_11)
FN:59,(anonymous_12)
FN:63,(anonymous_13)
FN:67,(anonymous_14)
FN:72,(anonymous_15)
FN:74,(anonymous_16)
FN:78,(anonymous_17)
FN:82,(anonymous_18)
FN:84,(anonymous_19)
FN:93,(anonymous_20)
FN:97,(anonymous_21)
FN:98,(anonymous_22)
FN:103,(anonymous_23)
FN:104,(anonymous_24)
FN:107,(anonymous_25)
FN:108,(anonymous_26)
FN:111,(anonymous_27)
FN:115,(anonymous_28)
FN:116,(anonymous_29)
FN:119,(anonymous_30)
FN:120,(anonymous_31)
FN:123,(anonymous_32)
FN:126,(anonymous_33)
FNF:34
FNH:32
FNDA:33,(anonymous_0)
FNDA:87,(anonymous_1)
FNDA:4,(anonymous_2)
FNDA:4,(anonymous_3)
FNDA:1,(anonymous_4)
FNDA:10,(anonymous_5)
FNDA:23,(anonymous_6)
FNDA:7,(anonymous_7)
FNDA:4,(anonymous_8)
FNDA:1,(anonymous_9)
FNDA:2,(anonymous_10)
FNDA:4,(anonymous_11)
FNDA:1,(anonymous_12)
FNDA:1,(anonymous_13)
FNDA:1,(anonymous_14)
FNDA:2,(anonymous_15)
FNDA:6,(anonymous_16)
FNDA:14,(anonymous_17)
FNDA:7,(anonymous_18)
FNDA:21,(anonymous_19)
FNDA:2,(anonymous_20)
FNDA:3,(anonymous_21)
FNDA:9,(anonymous_22)
FNDA:2,(anonymous_23)
FNDA:6,(anonymous_24)
FNDA:1,(anonymous_25)
FNDA:3,(anonymous_26)
FNDA:1,(anonymous_27)
FNDA:3,(anonymous_28)
FNDA:9,(anonymous_29)
FNDA:0,(anonymous_30)
FNDA:0,(anonymous_31)
FNDA:1,(anonymous_32)
FNDA:3,(anonymous_33)
DA:1,1
DA:5,33
DA:6,33
DA:10,87
DA:11,85
DA:13,2
DA:18,4
DA:22,4
DA:26,1
DA:30,10
DA:31,10
DA:35,23
DA:36,0
DA:41,7
DA:42,7
DA:46,4
DA:47,4
DA:51,1
DA:52,1
DA:56,4
DA:60,1
DA:64,1
DA:68,1
DA:69,1
DA:73,2
DA:74,6
DA:75,2
DA:79,14
DA:83,7
DA:84,7
DA:85,21
DA:86,9
DA:90,7
DA:94,2
DA:98,3
DA:99,9
DA:104,6
DA:108,3
DA:112,1
DA:116,9
DA:120,0
DA:124,1
DA:126,3
DA:128,1
DA:132,1
LF:45
LH:43
BRDA:10,0,0,85
BRDA:10,0,1,2
BRDA:35,1,0,0
BRDA:35,1,1,23
BRDA:85,2,0,9
BRDA:85,2,1,12
BRF:6
BRH:5
end_of_record
